;  LST file generated by mikroListExporter - v.2.0 
; Date/Time: 2/6/2021 2:31:21 PM
;----------------------------------------------

;Address Opcode 	ASM
0x0000	0x28EC      	GOTO       236
_Delay_50us:
;__Lib_Delays.mbas,41 :: 		sub procedure Delay_50us()
;__Lib_Delays.mbas,42 :: 		Delay_us(50)
0x0003	0x3021      	MOVLW      33
0x0004	0x1283      	BCF        STATUS, 5
0x0005	0x1303      	BCF        STATUS, 6
0x0006	0x00FD      	MOVWF      R13
L__Delay_50us7:
0x0007	0x0BFD      	DECFSZ     R13, 1
0x0008	0x2807      	GOTO       L__Delay_50us7
;__Lib_Delays.mbas,43 :: 		end sub
L_end_Delay_50us:
0x0009	0x0008      	RETURN
; end of _Delay_50us
_Delay_5500us:
;__Lib_Delays.mbas,53 :: 		sub procedure Delay_5500us()
;__Lib_Delays.mbas,54 :: 		Delay_us(5500)
0x000A	0x300F      	MOVLW      15
0x000B	0x1283      	BCF        STATUS, 5
0x000C	0x1303      	BCF        STATUS, 6
0x000D	0x00FC      	MOVWF      R12
0x000E	0x3047      	MOVLW      71
0x000F	0x00FD      	MOVWF      R13
L__Delay_5500us13:
0x0010	0x0BFD      	DECFSZ     R13, 1
0x0011	0x2810      	GOTO       L__Delay_5500us13
0x0012	0x0BFC      	DECFSZ     R12, 1
0x0013	0x2810      	GOTO       L__Delay_5500us13
0x0014	0x0000      	NOP
0x0015	0x0000      	NOP
;__Lib_Delays.mbas,55 :: 		end sub
L_end_Delay_5500us:
0x0016	0x0008      	RETURN
; end of _Delay_5500us
_Delay_1us:
;__Lib_Delays.mbas,29 :: 		sub procedure Delay_1us()
;__Lib_Delays.mbas,30 :: 		Delay_us(1)
0x0017	0x0000      	NOP
0x0018	0x0000      	NOP
;__Lib_Delays.mbas,31 :: 		end sub
L_end_Delay_1us:
0x0019	0x0008      	RETURN
; end of _Delay_1us
_Lcd_Cmd:
;__Lib_Lcd.mpas,33 :: 		
;__Lib_Lcd.mpas,34 :: 		
0x001A	0x1283      	BCF        STATUS, 5
0x001B	0x1303      	BCF        STATUS, 6
0x001C	0x1BB3      	BTFSC      FARG_Lcd_Cmd_out_char, 7
0x001D	0x2820      	GOTO       L__Lcd_Cmd46
0x001E	0x1186      	BCF        LCD_D7, BitPos(LCD_D7+0)
0x001F	0x2821      	GOTO       L__Lcd_Cmd47
L__Lcd_Cmd46:
0x0020	0x1586      	BSF        LCD_D7, BitPos(LCD_D7+0)
L__Lcd_Cmd47:
;__Lib_Lcd.mpas,35 :: 		
0x0021	0x1B33      	BTFSC      FARG_Lcd_Cmd_out_char, 6
0x0022	0x2825      	GOTO       L__Lcd_Cmd48
0x0023	0x1106      	BCF        LCD_D6, BitPos(LCD_D6+0)
0x0024	0x2826      	GOTO       L__Lcd_Cmd49
L__Lcd_Cmd48:
0x0025	0x1506      	BSF        LCD_D6, BitPos(LCD_D6+0)
L__Lcd_Cmd49:
;__Lib_Lcd.mpas,36 :: 		
0x0026	0x1AB3      	BTFSC      FARG_Lcd_Cmd_out_char, 5
0x0027	0x282A      	GOTO       L__Lcd_Cmd50
0x0028	0x1086      	BCF        LCD_D5, BitPos(LCD_D5+0)
0x0029	0x282B      	GOTO       L__Lcd_Cmd51
L__Lcd_Cmd50:
0x002A	0x1486      	BSF        LCD_D5, BitPos(LCD_D5+0)
L__Lcd_Cmd51:
;__Lib_Lcd.mpas,37 :: 		
0x002B	0x1A33      	BTFSC      FARG_Lcd_Cmd_out_char, 4
0x002C	0x282F      	GOTO       L__Lcd_Cmd52
0x002D	0x1006      	BCF        LCD_D4, BitPos(LCD_D4+0)
0x002E	0x2830      	GOTO       L__Lcd_Cmd53
L__Lcd_Cmd52:
0x002F	0x1406      	BSF        LCD_D4, BitPos(LCD_D4+0)
L__Lcd_Cmd53:
;__Lib_Lcd.mpas,39 :: 		
0x0030	0x1820      	BTFSC      __Lib_Lcd_cmd_status, BitPos(__Lib_Lcd_cmd_status+0)
0x0031	0x2834      	GOTO       L__Lcd_Cmd54
0x0032	0x1606      	BSF        LCD_RS, BitPos(LCD_RS+0)
0x0033	0x2835      	GOTO       L__Lcd_Cmd55
L__Lcd_Cmd54:
0x0034	0x1206      	BCF        LCD_RS, BitPos(LCD_RS+0)
L__Lcd_Cmd55:
;__Lib_Lcd.mpas,42 :: 		
0x0035	0x1686      	BSF        LCD_EN, BitPos(LCD_EN+0)
;__Lib_Lcd.mpas,43 :: 		
0x0036	0x2017      	CALL       _Delay_1us
;__Lib_Lcd.mpas,44 :: 		
0x0037	0x1286      	BCF        LCD_EN, BitPos(LCD_EN+0)
;__Lib_Lcd.mpas,47 :: 		
0x0038	0x19B3      	BTFSC      FARG_Lcd_Cmd_out_char, 3
0x0039	0x283C      	GOTO       L__Lcd_Cmd56
0x003A	0x1186      	BCF        LCD_D7, BitPos(LCD_D7+0)
0x003B	0x283D      	GOTO       L__Lcd_Cmd57
L__Lcd_Cmd56:
0x003C	0x1586      	BSF        LCD_D7, BitPos(LCD_D7+0)
L__Lcd_Cmd57:
;__Lib_Lcd.mpas,48 :: 		
0x003D	0x1933      	BTFSC      FARG_Lcd_Cmd_out_char, 2
0x003E	0x2841      	GOTO       L__Lcd_Cmd58
0x003F	0x1106      	BCF        LCD_D6, BitPos(LCD_D6+0)
0x0040	0x2842      	GOTO       L__Lcd_Cmd59
L__Lcd_Cmd58:
0x0041	0x1506      	BSF        LCD_D6, BitPos(LCD_D6+0)
L__Lcd_Cmd59:
;__Lib_Lcd.mpas,49 :: 		
0x0042	0x18B3      	BTFSC      FARG_Lcd_Cmd_out_char, 1
0x0043	0x2846      	GOTO       L__Lcd_Cmd60
0x0044	0x1086      	BCF        LCD_D5, BitPos(LCD_D5+0)
0x0045	0x2847      	GOTO       L__Lcd_Cmd61
L__Lcd_Cmd60:
0x0046	0x1486      	BSF        LCD_D5, BitPos(LCD_D5+0)
L__Lcd_Cmd61:
;__Lib_Lcd.mpas,50 :: 		
0x0047	0x1833      	BTFSC      FARG_Lcd_Cmd_out_char, 0
0x0048	0x284B      	GOTO       L__Lcd_Cmd62
0x0049	0x1006      	BCF        LCD_D4, BitPos(LCD_D4+0)
0x004A	0x284C      	GOTO       L__Lcd_Cmd63
L__Lcd_Cmd62:
0x004B	0x1406      	BSF        LCD_D4, BitPos(LCD_D4+0)
L__Lcd_Cmd63:
;__Lib_Lcd.mpas,52 :: 		
0x004C	0x1820      	BTFSC      __Lib_Lcd_cmd_status, BitPos(__Lib_Lcd_cmd_status+0)
0x004D	0x2850      	GOTO       L__Lcd_Cmd64
0x004E	0x1606      	BSF        LCD_RS, BitPos(LCD_RS+0)
0x004F	0x2851      	GOTO       L__Lcd_Cmd65
L__Lcd_Cmd64:
0x0050	0x1206      	BCF        LCD_RS, BitPos(LCD_RS+0)
L__Lcd_Cmd65:
;__Lib_Lcd.mpas,54 :: 		
0x0051	0x1686      	BSF        LCD_EN, BitPos(LCD_EN+0)
;__Lib_Lcd.mpas,55 :: 		
0x0052	0x2017      	CALL       _Delay_1us
;__Lib_Lcd.mpas,56 :: 		
0x0053	0x1286      	BCF        LCD_EN, BitPos(LCD_EN+0)
;__Lib_Lcd.mpas,58 :: 		
0x0054	0x1C20      	BTFSS      __Lib_Lcd_cmd_status, BitPos(__Lib_Lcd_cmd_status+0)
0x0055	0x2858      	GOTO       L__Lcd_Cmd2
;__Lib_Lcd.mpas,59 :: 		
0x0056	0x200A      	CALL       _Delay_5500us
0x0057	0x2859      	GOTO       L__Lcd_Cmd3
;__Lib_Lcd.mpas,60 :: 		
L__Lcd_Cmd2:
;__Lib_Lcd.mpas,61 :: 		
0x0058	0x2003      	CALL       _Delay_50us
L__Lcd_Cmd3:
;__Lib_Lcd.mpas,62 :: 		
L_end_Lcd_Cmd:
0x0059	0x0008      	RETURN
; end of _Lcd_Cmd
_Lcd_Chr_CP:
;__Lib_Lcd.mpas,65 :: 		
;__Lib_Lcd.mpas,66 :: 		
0x005A	0x1283      	BCF        STATUS, 5
0x005B	0x1303      	BCF        STATUS, 6
0x005C	0x1020      	BCF        __Lib_Lcd_cmd_status, BitPos(__Lib_Lcd_cmd_status+0)
;__Lib_Lcd.mpas,67 :: 		
0x005D	0x0832      	MOVF       FARG_Lcd_Chr_CP_Out_Char, 0
0x005E	0x00B3      	MOVWF      FARG_Lcd_Cmd_out_char
0x005F	0x201A      	CALL       _Lcd_Cmd
;__Lib_Lcd.mpas,68 :: 		
0x0060	0x1420      	BSF        __Lib_Lcd_cmd_status, BitPos(__Lib_Lcd_cmd_status+0)
;__Lib_Lcd.mpas,69 :: 		
L_end_Lcd_Chr_CP:
0x0061	0x0008      	RETURN
; end of _Lcd_Chr_CP
_Lcd_Out:
;__Lib_Lcd.mpas,207 :: 		
;__Lib_Lcd.mpas,210 :: 		
0x0062	0x1283      	BCF        STATUS, 5
0x0063	0x1303      	BCF        STATUS, 6
0x0064	0x082E      	MOVF       FARG_Lcd_Out_row, 0
0x0065	0x3A01      	XORLW      1
0x0066	0x1D03      	BTFSS      STATUS, 2
0x0067	0x286B      	GOTO       L__Lcd_Out30
0x0068	0x3080      	MOVLW      128
0x0069	0x00AE      	MOVWF      FARG_Lcd_Out_row
0x006A	0x2882      	GOTO       L__Lcd_Out27
L__Lcd_Out30:
;__Lib_Lcd.mpas,211 :: 		
0x006B	0x082E      	MOVF       FARG_Lcd_Out_row, 0
0x006C	0x3A02      	XORLW      2
0x006D	0x1D03      	BTFSS      STATUS, 2
0x006E	0x2872      	GOTO       L__Lcd_Out33
0x006F	0x30C0      	MOVLW      192
0x0070	0x00AE      	MOVWF      FARG_Lcd_Out_row
0x0071	0x2882      	GOTO       L__Lcd_Out27
L__Lcd_Out33:
;__Lib_Lcd.mpas,212 :: 		
0x0072	0x082E      	MOVF       FARG_Lcd_Out_row, 0
0x0073	0x3A03      	XORLW      3
0x0074	0x1D03      	BTFSS      STATUS, 2
0x0075	0x2879      	GOTO       L__Lcd_Out36
0x0076	0x3094      	MOVLW      148
0x0077	0x00AE      	MOVWF      FARG_Lcd_Out_row
0x0078	0x2882      	GOTO       L__Lcd_Out27
L__Lcd_Out36:
;__Lib_Lcd.mpas,213 :: 		
0x0079	0x082E      	MOVF       FARG_Lcd_Out_row, 0
0x007A	0x3A04      	XORLW      4
0x007B	0x1D03      	BTFSS      STATUS, 2
0x007C	0x2880      	GOTO       L__Lcd_Out39
0x007D	0x30D4      	MOVLW      212
0x007E	0x00AE      	MOVWF      FARG_Lcd_Out_row
;__Lib_Lcd.mpas,214 :: 		
0x007F	0x2882      	GOTO       L__Lcd_Out27
L__Lcd_Out39:
;__Lib_Lcd.mpas,215 :: 		
0x0080	0x3080      	MOVLW      128
0x0081	0x00AE      	MOVWF      FARG_Lcd_Out_row
L__Lcd_Out27:
;__Lib_Lcd.mpas,218 :: 		
0x0082	0x032F      	DECF       FARG_Lcd_Out_column, 0
0x0083	0x00F0      	MOVWF      R0
0x0084	0x082E      	MOVF       FARG_Lcd_Out_row, 0
0x0085	0x07F0      	ADDWF      R0, 1
0x0086	0x0870      	MOVF       R0, 0
0x0087	0x00AE      	MOVWF      FARG_Lcd_Out_row
;__Lib_Lcd.mpas,220 :: 		
0x0088	0x0870      	MOVF       R0, 0
0x0089	0x00B3      	MOVWF      FARG_Lcd_Cmd_out_char
0x008A	0x201A      	CALL       _Lcd_Cmd
;__Lib_Lcd.mpas,221 :: 		
0x008B	0x1020      	BCF        __Lib_Lcd_cmd_status, BitPos(__Lib_Lcd_cmd_status+0)
;__Lib_Lcd.mpas,222 :: 		
0x008C	0x01B1      	CLRF       Lcd_Out_i
;__Lib_Lcd.mpas,223 :: 		
L__Lcd_Out41:
0x008D	0x0831      	MOVF       Lcd_Out_i, 0
0x008E	0x0730      	ADDWF      FARG_Lcd_Out_text, 0
0x008F	0x0084      	MOVWF      FSR
0x0090	0x0800      	MOVF       INDF, 0
0x0091	0x3A00      	XORLW      0
0x0092	0x1903      	BTFSC      STATUS, 2
0x0093	0x289C      	GOTO       L__Lcd_Out42
;__Lib_Lcd.mpas,225 :: 		
0x0094	0x0831      	MOVF       Lcd_Out_i, 0
0x0095	0x0730      	ADDWF      FARG_Lcd_Out_text, 0
0x0096	0x0084      	MOVWF      FSR
0x0097	0x0800      	MOVF       INDF, 0
0x0098	0x00B2      	MOVWF      FARG_Lcd_Chr_CP_Out_Char
0x0099	0x205A      	CALL       _Lcd_Chr_CP
;__Lib_Lcd.mpas,226 :: 		
0x009A	0x0AB1      	INCF       Lcd_Out_i, 1
;__Lib_Lcd.mpas,227 :: 		
0x009B	0x288D      	GOTO       L__Lcd_Out41
L__Lcd_Out42:
;__Lib_Lcd.mpas,228 :: 		
0x009C	0x1420      	BSF        __Lib_Lcd_cmd_status, BitPos(__Lib_Lcd_cmd_status+0)
;__Lib_Lcd.mpas,229 :: 		
L_end_Lcd_Out:
0x009D	0x0008      	RETURN
; end of _Lcd_Out
_Lcd_Init:
;__Lib_Lcd.mpas,104 :: 		
;__Lib_Lcd.mpas,106 :: 		
0x009E	0x1683      	BSF        STATUS, 5
0x009F	0x1303      	BCF        STATUS, 6
0x00A0	0x1286      	BCF        LCD_EN_Direction, BitPos(LCD_EN_Direction+0)
;__Lib_Lcd.mpas,107 :: 		
0x00A1	0x1206      	BCF        LCD_RS_Direction, BitPos(LCD_RS_Direction+0)
;__Lib_Lcd.mpas,108 :: 		
0x00A2	0x1006      	BCF        LCD_D4_Direction, BitPos(LCD_D4_Direction+0)
;__Lib_Lcd.mpas,109 :: 		
0x00A3	0x1086      	BCF        LCD_D5_Direction, BitPos(LCD_D5_Direction+0)
;__Lib_Lcd.mpas,110 :: 		
0x00A4	0x1106      	BCF        LCD_D6_Direction, BitPos(LCD_D6_Direction+0)
;__Lib_Lcd.mpas,111 :: 		
0x00A5	0x1186      	BCF        LCD_D7_Direction, BitPos(LCD_D7_Direction+0)
;__Lib_Lcd.mpas,113 :: 		
0x00A6	0x1283      	BCF        STATUS, 5
0x00A7	0x1286      	BCF        LCD_EN, BitPos(LCD_EN+0)
;__Lib_Lcd.mpas,114 :: 		
0x00A8	0x1206      	BCF        LCD_RS, BitPos(LCD_RS+0)
;__Lib_Lcd.mpas,115 :: 		
0x00A9	0x1186      	BCF        LCD_D7, BitPos(LCD_D7+0)
;__Lib_Lcd.mpas,116 :: 		
0x00AA	0x1106      	BCF        LCD_D6, BitPos(LCD_D6+0)
;__Lib_Lcd.mpas,117 :: 		
0x00AB	0x1086      	BCF        LCD_D5, BitPos(LCD_D5+0)
;__Lib_Lcd.mpas,118 :: 		
0x00AC	0x1006      	BCF        LCD_D4, BitPos(LCD_D4+0)
;__Lib_Lcd.mpas,120 :: 		
0x00AD	0x200A      	CALL       _Delay_5500us
;__Lib_Lcd.mpas,121 :: 		
0x00AE	0x200A      	CALL       _Delay_5500us
;__Lib_Lcd.mpas,122 :: 		
0x00AF	0x200A      	CALL       _Delay_5500us
;__Lib_Lcd.mpas,125 :: 		
0x00B0	0x1486      	BSF        LCD_D5, BitPos(LCD_D5+0)
;__Lib_Lcd.mpas,126 :: 		
0x00B1	0x1406      	BSF        LCD_D4, BitPos(LCD_D4+0)
;__Lib_Lcd.mpas,127 :: 		
0x00B2	0x1686      	BSF        LCD_EN, BitPos(LCD_EN+0)
;__Lib_Lcd.mpas,128 :: 		
0x00B3	0x2017      	CALL       _Delay_1us
;__Lib_Lcd.mpas,129 :: 		
0x00B4	0x1286      	BCF        LCD_EN, BitPos(LCD_EN+0)
;__Lib_Lcd.mpas,130 :: 		
0x00B5	0x200A      	CALL       _Delay_5500us
;__Lib_Lcd.mpas,132 :: 		
0x00B6	0x1686      	BSF        LCD_EN, BitPos(LCD_EN+0)
;__Lib_Lcd.mpas,133 :: 		
0x00B7	0x2017      	CALL       _Delay_1us
;__Lib_Lcd.mpas,134 :: 		
0x00B8	0x1286      	BCF        LCD_EN, BitPos(LCD_EN+0)
;__Lib_Lcd.mpas,135 :: 		
0x00B9	0x200A      	CALL       _Delay_5500us
;__Lib_Lcd.mpas,137 :: 		
0x00BA	0x1686      	BSF        LCD_EN, BitPos(LCD_EN+0)
;__Lib_Lcd.mpas,138 :: 		
0x00BB	0x2017      	CALL       _Delay_1us
;__Lib_Lcd.mpas,139 :: 		
0x00BC	0x1286      	BCF        LCD_EN, BitPos(LCD_EN+0)
;__Lib_Lcd.mpas,140 :: 		
0x00BD	0x200A      	CALL       _Delay_5500us
;__Lib_Lcd.mpas,143 :: 		
0x00BE	0x1006      	BCF        LCD_D4, BitPos(LCD_D4+0)
;__Lib_Lcd.mpas,144 :: 		
0x00BF	0x1686      	BSF        LCD_EN, BitPos(LCD_EN+0)
;__Lib_Lcd.mpas,145 :: 		
0x00C0	0x2017      	CALL       _Delay_1us
;__Lib_Lcd.mpas,146 :: 		
0x00C1	0x1286      	BCF        LCD_EN, BitPos(LCD_EN+0)
;__Lib_Lcd.mpas,147 :: 		
0x00C2	0x200A      	CALL       _Delay_5500us
;__Lib_Lcd.mpas,150 :: 		
0x00C3	0x1686      	BSF        LCD_EN, BitPos(LCD_EN+0)
;__Lib_Lcd.mpas,151 :: 		
0x00C4	0x2017      	CALL       _Delay_1us
;__Lib_Lcd.mpas,152 :: 		
0x00C5	0x1286      	BCF        LCD_EN, BitPos(LCD_EN+0)
;__Lib_Lcd.mpas,154 :: 		
0x00C6	0x1086      	BCF        LCD_D5, BitPos(LCD_D5+0)
;__Lib_Lcd.mpas,155 :: 		
0x00C7	0x1586      	BSF        LCD_D7, BitPos(LCD_D7+0)
;__Lib_Lcd.mpas,156 :: 		
0x00C8	0x1686      	BSF        LCD_EN, BitPos(LCD_EN+0)
;__Lib_Lcd.mpas,157 :: 		
0x00C9	0x2017      	CALL       _Delay_1us
;__Lib_Lcd.mpas,158 :: 		
0x00CA	0x1286      	BCF        LCD_EN, BitPos(LCD_EN+0)
;__Lib_Lcd.mpas,159 :: 		
0x00CB	0x200A      	CALL       _Delay_5500us
;__Lib_Lcd.mpas,162 :: 		
0x00CC	0x1186      	BCF        LCD_D7, BitPos(LCD_D7+0)
;__Lib_Lcd.mpas,163 :: 		
0x00CD	0x1406      	BSF        LCD_D4, BitPos(LCD_D4+0)
;__Lib_Lcd.mpas,164 :: 		
0x00CE	0x1686      	BSF        LCD_EN, BitPos(LCD_EN+0)
;__Lib_Lcd.mpas,165 :: 		
0x00CF	0x2017      	CALL       _Delay_1us
;__Lib_Lcd.mpas,166 :: 		
0x00D0	0x1286      	BCF        LCD_EN, BitPos(LCD_EN+0)
;__Lib_Lcd.mpas,168 :: 		
0x00D1	0x1006      	BCF        LCD_D4, BitPos(LCD_D4+0)
;__Lib_Lcd.mpas,169 :: 		
0x00D2	0x1686      	BSF        LCD_EN, BitPos(LCD_EN+0)
;__Lib_Lcd.mpas,170 :: 		
0x00D3	0x2017      	CALL       _Delay_1us
;__Lib_Lcd.mpas,171 :: 		
0x00D4	0x1286      	BCF        LCD_EN, BitPos(LCD_EN+0)
;__Lib_Lcd.mpas,172 :: 		
0x00D5	0x200A      	CALL       _Delay_5500us
;__Lib_Lcd.mpas,175 :: 		
0x00D6	0x1686      	BSF        LCD_EN, BitPos(LCD_EN+0)
;__Lib_Lcd.mpas,176 :: 		
0x00D7	0x2017      	CALL       _Delay_1us
;__Lib_Lcd.mpas,177 :: 		
0x00D8	0x1286      	BCF        LCD_EN, BitPos(LCD_EN+0)
;__Lib_Lcd.mpas,179 :: 		
0x00D9	0x1406      	BSF        LCD_D4, BitPos(LCD_D4+0)
;__Lib_Lcd.mpas,180 :: 		
0x00DA	0x1686      	BSF        LCD_EN, BitPos(LCD_EN+0)
;__Lib_Lcd.mpas,181 :: 		
0x00DB	0x2017      	CALL       _Delay_1us
;__Lib_Lcd.mpas,182 :: 		
0x00DC	0x1286      	BCF        LCD_EN, BitPos(LCD_EN+0)
;__Lib_Lcd.mpas,183 :: 		
0x00DD	0x200A      	CALL       _Delay_5500us
;__Lib_Lcd.mpas,186 :: 		
0x00DE	0x1006      	BCF        LCD_D4, BitPos(LCD_D4+0)
;__Lib_Lcd.mpas,187 :: 		
0x00DF	0x1686      	BSF        LCD_EN, BitPos(LCD_EN+0)
;__Lib_Lcd.mpas,188 :: 		
0x00E0	0x2017      	CALL       _Delay_1us
;__Lib_Lcd.mpas,189 :: 		
0x00E1	0x1286      	BCF        LCD_EN, BitPos(LCD_EN+0)
;__Lib_Lcd.mpas,191 :: 		
0x00E2	0x1586      	BSF        LCD_D7, BitPos(LCD_D7+0)
;__Lib_Lcd.mpas,192 :: 		
0x00E3	0x1506      	BSF        LCD_D6, BitPos(LCD_D6+0)
;__Lib_Lcd.mpas,193 :: 		
0x00E4	0x1486      	BSF        LCD_D5, BitPos(LCD_D5+0)
;__Lib_Lcd.mpas,194 :: 		
0x00E5	0x1406      	BSF        LCD_D4, BitPos(LCD_D4+0)
;__Lib_Lcd.mpas,195 :: 		
0x00E6	0x1686      	BSF        LCD_EN, BitPos(LCD_EN+0)
;__Lib_Lcd.mpas,196 :: 		
0x00E7	0x2017      	CALL       _Delay_1us
;__Lib_Lcd.mpas,197 :: 		
0x00E8	0x1286      	BCF        LCD_EN, BitPos(LCD_EN+0)
;__Lib_Lcd.mpas,199 :: 		
0x00E9	0x200A      	CALL       _Delay_5500us
;__Lib_Lcd.mpas,201 :: 		
0x00EA	0x1420      	BSF        __Lib_Lcd_cmd_status, BitPos(__Lib_Lcd_cmd_status+0)
;__Lib_Lcd.mpas,202 :: 		
L_end_Lcd_Init:
0x00EB	0x0008      	RETURN
; end of _Lcd_Init
_main:
;lcdDisp.mbas,20 :: 		main:
;lcdDisp.mbas,23 :: 		Lcd_Init()      ' Initialize the LCD
0x00EC	0x209E      	CALL       _Lcd_Init
;lcdDisp.mbas,24 :: 		Lcd_Cmd(_LCD_CLEAR) ' Clear LCD screen
0x00ED	0x3001      	MOVLW      1
0x00EE	0x00B3      	MOVWF      FARG_Lcd_Cmd_out_char
0x00EF	0x201A      	CALL       _Lcd_Cmd
;lcdDisp.mbas,25 :: 		Lcd_Cmd(_LCD_CURSOR_OFF) ' turn the cursor off
0x00F0	0x300C      	MOVLW      12
0x00F1	0x00B3      	MOVWF      FARG_Lcd_Cmd_out_char
0x00F2	0x201A      	CALL       _Lcd_Cmd
;lcdDisp.mbas,26 :: 		Lcd_Out(1,1,"Fall 2020")
0x00F3	0x3001      	MOVLW      1
0x00F4	0x00AE      	MOVWF      FARG_Lcd_Out_row
0x00F5	0x3001      	MOVLW      1
0x00F6	0x00AF      	MOVWF      FARG_Lcd_Out_column
0x00F7	0x3046      	MOVLW      70
0x00F8	0x00A1      	MOVWF      ?LocalText_main
0x00F9	0x3061      	MOVLW      97
0x00FA	0x00A2      	MOVWF      ?LocalText_main+1
0x00FB	0x306C      	MOVLW      108
0x00FC	0x00A3      	MOVWF      ?LocalText_main+2
0x00FD	0x306C      	MOVLW      108
0x00FE	0x00A4      	MOVWF      ?LocalText_main+3
0x00FF	0x3020      	MOVLW      32
0x0100	0x00A5      	MOVWF      ?LocalText_main+4
0x0101	0x3032      	MOVLW      50
0x0102	0x00A6      	MOVWF      ?LocalText_main+5
0x0103	0x3030      	MOVLW      48
0x0104	0x00A7      	MOVWF      ?LocalText_main+6
0x0105	0x3032      	MOVLW      50
0x0106	0x00A8      	MOVWF      ?LocalText_main+7
0x0107	0x3030      	MOVLW      48
0x0108	0x00A9      	MOVWF      ?LocalText_main+8
0x0109	0x01AA      	CLRF       ?LocalText_main+9
0x010A	0x3021      	MOVLW      ?LocalText_main
0x010B	0x00B0      	MOVWF      FARG_Lcd_Out_text
0x010C	0x2062      	CALL       _Lcd_Out
;lcdDisp.mbas,27 :: 		Lcd_Out(2,1,"Kareem 89169")
0x010D	0x3002      	MOVLW      2
0x010E	0x00AE      	MOVWF      FARG_Lcd_Out_row
0x010F	0x3001      	MOVLW      1
0x0110	0x00AF      	MOVWF      FARG_Lcd_Out_column
0x0111	0x304B      	MOVLW      75
0x0112	0x00A1      	MOVWF      ?LocalText_main
0x0113	0x3061      	MOVLW      97
0x0114	0x00A2      	MOVWF      ?LocalText_main+1
0x0115	0x3072      	MOVLW      114
0x0116	0x00A3      	MOVWF      ?LocalText_main+2
0x0117	0x3065      	MOVLW      101
0x0118	0x00A4      	MOVWF      ?LocalText_main+3
0x0119	0x3065      	MOVLW      101
0x011A	0x00A5      	MOVWF      ?LocalText_main+4
0x011B	0x306D      	MOVLW      109
0x011C	0x00A6      	MOVWF      ?LocalText_main+5
0x011D	0x3020      	MOVLW      32
0x011E	0x00A7      	MOVWF      ?LocalText_main+6
0x011F	0x3038      	MOVLW      56
0x0120	0x00A8      	MOVWF      ?LocalText_main+7
0x0121	0x3039      	MOVLW      57
0x0122	0x00A9      	MOVWF      ?LocalText_main+8
0x0123	0x3031      	MOVLW      49
0x0124	0x00AA      	MOVWF      ?LocalText_main+9
0x0125	0x3036      	MOVLW      54
0x0126	0x00AB      	MOVWF      ?LocalText_main+10
0x0127	0x3039      	MOVLW      57
0x0128	0x00AC      	MOVWF      ?LocalText_main+11
0x0129	0x01AD      	CLRF       ?LocalText_main+12
0x012A	0x3021      	MOVLW      ?LocalText_main
0x012B	0x00B0      	MOVWF      FARG_Lcd_Out_text
0x012C	0x2062      	CALL       _Lcd_Out
L_end_main:
0x012D	0x292D      	GOTO       $+0
; end of _main
Symbol List:
//** Routines locations **
//ADDRESS    SIZE    PROCEDURE
//----------------------------------------------
0x0003       [7]    _Delay_50us
0x000A      [13]    _Delay_5500us
0x0017       [3]    _Delay_1us
0x001A      [64]    _Lcd_Cmd
0x005A       [8]    _Lcd_Chr_CP
0x0062      [60]    _Lcd_Out
0x009E      [78]    _Lcd_Init
0x00EC      [66]    _main
//** Variables locations ** 
//ADDRESS    SIZE    VARIABLE
//----------------------------------------------
0x0006       [0]    RB0_bit
0x0006       [0]    RB1_bit
0x0006       [0]    RB2_bit
0x0006       [0]    LCD_EN
0x0006       [0]    LCD_RS
0x0006       [0]    LCD_D4
0x0006       [0]    RB3_bit
0x0006       [0]    LCD_D5
0x0006       [0]    LCD_D7
0x0006       [0]    LCD_D6
0x0006       [0]    RB5_bit
0x0006       [0]    RB4_bit
0x0020       [0]    __Lib_Lcd_cmd_status
0x0021      [13]    ?LocalText_main
0x002E       [1]    FARG_Lcd_Out_row
0x002F       [1]    FARG_Lcd_Out_column
0x0030       [1]    FARG_Lcd_Out_text
0x0031       [1]    Lcd_Out_i
0x0032       [1]    FARG_Lcd_Chr_CP_Out_Char
0x0033       [1]    FARG_Lcd_Cmd_out_char
0x0070       [1]    R0
0x0071       [1]    R1
0x0072       [1]    R2
0x0073       [1]    R3
0x0074       [1]    R4
0x0075       [1]    R5
0x0076       [1]    R6
0x0077       [1]    R7
0x0078       [1]    R8
0x0079       [1]    R9
0x007A       [1]    R10
0x007B       [1]    R11
0x007C       [1]    R12
0x007D       [1]    R13
0x007E       [1]    R14
0x007F       [1]    R15
0x0086       [0]    TRISB5_bit
0x0086       [0]    TRISB0_bit
0x0086       [0]    TRISB4_bit
0x0086       [0]    LCD_D6_Direction
0x0086       [0]    LCD_D7_Direction
0x0086       [0]    TRISB3_bit
0x0086       [0]    TRISB2_bit
0x0086       [0]    LCD_RS_Direction
0x0086       [0]    LCD_EN_Direction
0x0086       [0]    TRISB1_bit
0x0086       [0]    LCD_D5_Direction
0x0086       [0]    LCD_D4_Direction
