;  LST file generated by mikroListExporter - v.2.0 
; Date/Time: 2/5/2021 3:30:40 PM
;----------------------------------------------

;Address Opcode 	ASM
0x0000	0x2803      	GOTO       3
_main:
;NLCD.mbas,4 :: 		main:
;NLCD.mbas,6 :: 		TRISB = 0X00    ' Data lines
0x0003	0x1683      	BSF        STATUS, 5
0x0004	0x1303      	BCF        STATUS, 6
0x0005	0x0186      	CLRF       TRISB
;NLCD.mbas,7 :: 		TRISD = 0X00    ' Control signal for PORTD pins
0x0006	0x0188      	CLRF       TRISD
;NLCD.mbas,10 :: 		while(1)
L__main2:
;NLCD.mbas,13 :: 		PORTD = 0x01 ' first segment
0x0007	0x3001      	MOVLW      1
0x0008	0x1283      	BCF        STATUS, 5
0x0009	0x0088      	MOVWF      PORTD
;NLCD.mbas,14 :: 		PORTB =  0x5C    ' display char 'n' in portB
0x000A	0x305C      	MOVLW      92
0x000B	0x0086      	MOVWF      PORTB
;NLCD.mbas,15 :: 		Delay_Ms(10)
0x000C	0x301A      	MOVLW      26
0x000D	0x00FC      	MOVWF      R12
0x000E	0x30F8      	MOVLW      248
0x000F	0x00FD      	MOVWF      R13
L__main6:
0x0010	0x0BFD      	DECFSZ     R13, 1
0x0011	0x2810      	GOTO       L__main6
0x0012	0x0BFC      	DECFSZ     R12, 1
0x0013	0x2810      	GOTO       L__main6
0x0014	0x0000      	NOP
;NLCD.mbas,17 :: 		PORTD = 0x02 ' second segment
0x0015	0x3002      	MOVLW      2
0x0016	0x0088      	MOVWF      PORTD
;NLCD.mbas,18 :: 		PORTB =  0x5C    ' display char 'n' in portB
0x0017	0x305C      	MOVLW      92
0x0018	0x0086      	MOVWF      PORTB
;NLCD.mbas,19 :: 		Delay_Ms(10)
0x0019	0x301A      	MOVLW      26
0x001A	0x00FC      	MOVWF      R12
0x001B	0x30F8      	MOVLW      248
0x001C	0x00FD      	MOVWF      R13
L__main7:
0x001D	0x0BFD      	DECFSZ     R13, 1
0x001E	0x281D      	GOTO       L__main7
0x001F	0x0BFC      	DECFSZ     R12, 1
0x0020	0x281D      	GOTO       L__main7
0x0021	0x0000      	NOP
;NLCD.mbas,21 :: 		PORTD = 0x04 ' third  segment
0x0022	0x3004      	MOVLW      4
0x0023	0x0088      	MOVWF      PORTD
;NLCD.mbas,22 :: 		PORTB =  0x5C    ' display char 'n' in portB
0x0024	0x305C      	MOVLW      92
0x0025	0x0086      	MOVWF      PORTB
;NLCD.mbas,23 :: 		Delay_Ms(10)
0x0026	0x301A      	MOVLW      26
0x0027	0x00FC      	MOVWF      R12
0x0028	0x30F8      	MOVLW      248
0x0029	0x00FD      	MOVWF      R13
L__main8:
0x002A	0x0BFD      	DECFSZ     R13, 1
0x002B	0x282A      	GOTO       L__main8
0x002C	0x0BFC      	DECFSZ     R12, 1
0x002D	0x282A      	GOTO       L__main8
0x002E	0x0000      	NOP
;NLCD.mbas,25 :: 		PORTD = 0x08 ' forth segment
0x002F	0x3008      	MOVLW      8
0x0030	0x0088      	MOVWF      PORTD
;NLCD.mbas,26 :: 		PORTB =  0x5C    ' display char 'n' in portB
0x0031	0x305C      	MOVLW      92
0x0032	0x0086      	MOVWF      PORTB
;NLCD.mbas,27 :: 		Delay_Ms(10)
0x0033	0x301A      	MOVLW      26
0x0034	0x00FC      	MOVWF      R12
0x0035	0x30F8      	MOVLW      248
0x0036	0x00FD      	MOVWF      R13
L__main9:
0x0037	0x0BFD      	DECFSZ     R13, 1
0x0038	0x2837      	GOTO       L__main9
0x0039	0x0BFC      	DECFSZ     R12, 1
0x003A	0x2837      	GOTO       L__main9
0x003B	0x0000      	NOP
;NLCD.mbas,28 :: 		wend
0x003C	0x2807      	GOTO       L__main2
L_end_main:
0x003D	0x283D      	GOTO       $+0
; end of _main
Symbol List:
//** Routines locations **
//ADDRESS    SIZE    PROCEDURE
//----------------------------------------------
0x0003      [59]    _main
//** Variables locations ** 
//ADDRESS    SIZE    VARIABLE
//----------------------------------------------
0x0006       [1]    PORTB
0x0008       [1]    PORTD
0x0070       [1]    R0
0x0071       [1]    R1
0x0072       [1]    R2
0x0073       [1]    R3
0x0074       [1]    R4
0x0075       [1]    R5
0x0076       [1]    R6
0x0077       [1]    R7
0x0078       [1]    R8
0x0079       [1]    R9
0x007A       [1]    R10
0x007B       [1]    R11
0x007C       [1]    R12
0x007D       [1]    R13
0x007E       [1]    R14
0x007F       [1]    R15
0x0086       [1]    TRISB
0x0088       [1]    TRISD
