;  LST file generated by mikroListExporter - v.2.0 
; Date/Time: 2/4/2021 6:37:11 PM
;----------------------------------------------

;Address Opcode 	ASM
0x0000	0x2833      	GOTO       51
_UART1_Write:
;__Lib_UART_c67.mpas,72 :: 		
;__Lib_UART_c67.mpas,73 :: 		
L__UART1_Write14:
0x0003	0x1683      	BSF        STATUS, 5
0x0004	0x1303      	BCF        STATUS, 6
0x0005	0x1898      	BTFSC      TXSTA, 1
0x0006	0x2809      	GOTO       L__UART1_Write15
0x0007	0x0000      	NOP
0x0008	0x2803      	GOTO       L__UART1_Write14
L__UART1_Write15:
;__Lib_UART_c67.mpas,74 :: 		
0x0009	0x1283      	BCF        STATUS, 5
0x000A	0x083F      	MOVF       FARG_UART1_Write_data_, 0
0x000B	0x0099      	MOVWF      TXREG
;__Lib_UART_c67.mpas,75 :: 		
L_end_UART1_Write:
0x000C	0x0008      	RETURN
; end of _UART1_Write
_UART1_Init:
;__Lib_UART_c67.mpas,33 :: 		
;__Lib_UART_c67.mpas,34 :: 		
0x000D	0x1683      	BSF        STATUS, 5
0x000E	0x1303      	BCF        STATUS, 6
0x000F	0x1698      	BSF        TXSTA, 5
;__Lib_UART_c67.mpas,35 :: 		
0x0010	0x3090      	MOVLW      144
0x0011	0x1283      	BCF        STATUS, 5
0x0012	0x0098      	MOVWF      RCSTA
;__Lib_UART_c67.mpas,36 :: 		
0x0013	0x1683      	BSF        STATUS, 5
0x0014	0x1787      	BSF        TRISC7_bit, BitPos(TRISC7_bit+0)
;__Lib_UART_c67.mpas,37 :: 		
0x0015	0x1307      	BCF        TRISC6_bit, BitPos(TRISC6_bit+0)
;__Lib_UART_c67.mpas,38 :: 		
L__UART1_Init2:
0x0016	0x1283      	BCF        STATUS, 5
0x0017	0x1E8C      	BTFSS      PIR1, 5
0x0018	0x281C      	GOTO       L__UART1_Init3
;__Lib_UART_c67.mpas,39 :: 		
0x0019	0x081A      	MOVF       RCREG, 0
0x001A	0x00F0      	MOVWF      R0
0x001B	0x2816      	GOTO       L__UART1_Init2
L__UART1_Init3:
;__Lib_UART_c67.mpas,40 :: 		
L_end_UART1_Init:
0x001C	0x0008      	RETURN
; end of _UART1_Init
_UART1_Write_Text:
;__Lib_UART_c67.mpas,80 :: 		
;__Lib_UART_c67.mpas,81 :: 		
0x001D	0x1283      	BCF        STATUS, 5
0x001E	0x1303      	BCF        STATUS, 6
0x001F	0x01BD      	CLRF       UART1_Write_Text_counter
;__Lib_UART_c67.mpas,82 :: 		
0x0020	0x083C      	MOVF       FARG_UART1_Write_Text_uart_text, 0
0x0021	0x0084      	MOVWF      FSR
0x0022	0x0800      	MOVF       INDF, 0
0x0023	0x00BE      	MOVWF      UART1_Write_Text_data_
;__Lib_UART_c67.mpas,83 :: 		
L__UART1_Write_Text20:
0x0024	0x083E      	MOVF       UART1_Write_Text_data_, 0
0x0025	0x3A00      	XORLW      0
0x0026	0x1903      	BTFSC      STATUS, 2
0x0027	0x2832      	GOTO       L__UART1_Write_Text21
;__Lib_UART_c67.mpas,85 :: 		
0x0028	0x083E      	MOVF       UART1_Write_Text_data_, 0
0x0029	0x00BF      	MOVWF      FARG_UART1_Write_data_
0x002A	0x2003      	CALL       _UART1_Write
;__Lib_UART_c67.mpas,86 :: 		
0x002B	0x0ABD      	INCF       UART1_Write_Text_counter, 1
;__Lib_UART_c67.mpas,87 :: 		
0x002C	0x083D      	MOVF       UART1_Write_Text_counter, 0
0x002D	0x073C      	ADDWF      FARG_UART1_Write_Text_uart_text, 0
0x002E	0x0084      	MOVWF      FSR
0x002F	0x0800      	MOVF       INDF, 0
0x0030	0x00BE      	MOVWF      UART1_Write_Text_data_
;__Lib_UART_c67.mpas,88 :: 		
0x0031	0x2824      	GOTO       L__UART1_Write_Text20
L__UART1_Write_Text21:
;__Lib_UART_c67.mpas,89 :: 		
L_end_UART1_Write_Text:
0x0032	0x0008      	RETURN
; end of _UART1_Write_Text
_main:
;UART.mbas,6 :: 		main:
;UART.mbas,8 :: 		UART1_Init(19200) ' initialize UART at baud rate 19200
0x0033	0x3019      	MOVLW      25
0x0034	0x1683      	BSF        STATUS, 5
0x0035	0x1303      	BCF        STATUS, 6
0x0036	0x0099      	MOVWF      SPBRG
0x0037	0x1518      	BSF        TXSTA, 2
0x0038	0x200D      	CALL       _UART1_Init
;UART.mbas,9 :: 		Delay_ms(100)' wait for the module to stabilize
0x0039	0x3002      	MOVLW      2
0x003A	0x00FB      	MOVWF      R11
0x003B	0x3004      	MOVLW      4
0x003C	0x00FC      	MOVWF      R12
0x003D	0x30BA      	MOVLW      186
0x003E	0x00FD      	MOVWF      R13
L__main1:
0x003F	0x0BFD      	DECFSZ     R13, 1
0x0040	0x283F      	GOTO       L__main1
0x0041	0x0BFC      	DECFSZ     R12, 1
0x0042	0x283F      	GOTO       L__main1
0x0043	0x0BFB      	DECFSZ     R11, 1
0x0044	0x283F      	GOTO       L__main1
0x0045	0x0000      	NOP
;UART.mbas,10 :: 		id = 89169    ' assign decimal to the id
0x0046	0x3051      	MOVLW      81
0x0047	0x00A0      	MOVWF      _id
0x0048	0x305C      	MOVLW      92
0x0049	0x00A1      	MOVWF      _id+1
0x004A	0x3001      	MOVLW      1
0x004B	0x00A2      	MOVWF      _id+2
0x004C	0x3000      	MOVLW      0
0x004D	0x00A3      	MOVWF      _id+3
;UART.mbas,11 :: 		UART1_Write(id) ' send the id
0x004E	0x3051      	MOVLW      81
0x004F	0x00BF      	MOVWF      FARG_UART1_Write_data_
0x0050	0x2003      	CALL       _UART1_Write
;UART.mbas,13 :: 		while(1)
L__main3:
;UART.mbas,14 :: 		UART1_Write_Text("Abdul Kareem")        ' user name
0x0051	0x3041      	MOVLW      65
0x0052	0x00A4      	MOVWF      ?LocalText_main
0x0053	0x3062      	MOVLW      98
0x0054	0x00A5      	MOVWF      ?LocalText_main+1
0x0055	0x3064      	MOVLW      100
0x0056	0x00A6      	MOVWF      ?LocalText_main+2
0x0057	0x3075      	MOVLW      117
0x0058	0x00A7      	MOVWF      ?LocalText_main+3
0x0059	0x306C      	MOVLW      108
0x005A	0x00A8      	MOVWF      ?LocalText_main+4
0x005B	0x3020      	MOVLW      32
0x005C	0x00A9      	MOVWF      ?LocalText_main+5
0x005D	0x304B      	MOVLW      75
0x005E	0x00AA      	MOVWF      ?LocalText_main+6
0x005F	0x3061      	MOVLW      97
0x0060	0x00AB      	MOVWF      ?LocalText_main+7
0x0061	0x3072      	MOVLW      114
0x0062	0x00AC      	MOVWF      ?LocalText_main+8
0x0063	0x3065      	MOVLW      101
0x0064	0x00AD      	MOVWF      ?LocalText_main+9
0x0065	0x3065      	MOVLW      101
0x0066	0x00AE      	MOVWF      ?LocalText_main+10
0x0067	0x306D      	MOVLW      109
0x0068	0x00AF      	MOVWF      ?LocalText_main+11
0x0069	0x01B0      	CLRF       ?LocalText_main+12
0x006A	0x3024      	MOVLW      ?LocalText_main
0x006B	0x00BC      	MOVWF      FARG_UART1_Write_Text_uart_text
0x006C	0x201D      	CALL       _UART1_Write_Text
;UART.mbas,15 :: 		UART1_Write_Text("I love microcontrollers")        ' message
0x006D	0x3049      	MOVLW      73
0x006E	0x00A4      	MOVWF      ?LocalText_main
0x006F	0x3020      	MOVLW      32
0x0070	0x00A5      	MOVWF      ?LocalText_main+1
0x0071	0x306C      	MOVLW      108
0x0072	0x00A6      	MOVWF      ?LocalText_main+2
0x0073	0x306F      	MOVLW      111
0x0074	0x00A7      	MOVWF      ?LocalText_main+3
0x0075	0x3076      	MOVLW      118
0x0076	0x00A8      	MOVWF      ?LocalText_main+4
0x0077	0x3065      	MOVLW      101
0x0078	0x00A9      	MOVWF      ?LocalText_main+5
0x0079	0x3020      	MOVLW      32
0x007A	0x00AA      	MOVWF      ?LocalText_main+6
0x007B	0x306D      	MOVLW      109
0x007C	0x00AB      	MOVWF      ?LocalText_main+7
0x007D	0x3069      	MOVLW      105
0x007E	0x00AC      	MOVWF      ?LocalText_main+8
0x007F	0x3063      	MOVLW      99
0x0080	0x00AD      	MOVWF      ?LocalText_main+9
0x0081	0x3072      	MOVLW      114
0x0082	0x00AE      	MOVWF      ?LocalText_main+10
0x0083	0x306F      	MOVLW      111
0x0084	0x00AF      	MOVWF      ?LocalText_main+11
0x0085	0x3063      	MOVLW      99
0x0086	0x00B0      	MOVWF      ?LocalText_main+12
0x0087	0x306F      	MOVLW      111
0x0088	0x00B1      	MOVWF      ?LocalText_main+13
0x0089	0x306E      	MOVLW      110
0x008A	0x00B2      	MOVWF      ?LocalText_main+14
0x008B	0x3074      	MOVLW      116
0x008C	0x00B3      	MOVWF      ?LocalText_main+15
0x008D	0x3072      	MOVLW      114
0x008E	0x00B4      	MOVWF      ?LocalText_main+16
0x008F	0x306F      	MOVLW      111
0x0090	0x00B5      	MOVWF      ?LocalText_main+17
0x0091	0x306C      	MOVLW      108
0x0092	0x00B6      	MOVWF      ?LocalText_main+18
0x0093	0x306C      	MOVLW      108
0x0094	0x00B7      	MOVWF      ?LocalText_main+19
0x0095	0x3065      	MOVLW      101
0x0096	0x00B8      	MOVWF      ?LocalText_main+20
0x0097	0x3072      	MOVLW      114
0x0098	0x00B9      	MOVWF      ?LocalText_main+21
0x0099	0x3073      	MOVLW      115
0x009A	0x00BA      	MOVWF      ?LocalText_main+22
0x009B	0x01BB      	CLRF       ?LocalText_main+23
0x009C	0x3024      	MOVLW      ?LocalText_main
0x009D	0x00BC      	MOVWF      FARG_UART1_Write_Text_uart_text
0x009E	0x201D      	CALL       _UART1_Write_Text
;UART.mbas,16 :: 		wend
0x009F	0x2851      	GOTO       L__main3
L_end_main:
0x00A0	0x28A0      	GOTO       $+0
; end of _main
Symbol List:
//** Routines locations **
//ADDRESS    SIZE    PROCEDURE
//----------------------------------------------
0x0003      [10]    _UART1_Write
0x000D      [16]    _UART1_Init
0x001D      [22]    _UART1_Write_Text
0x0033     [110]    _main
//** Variables locations ** 
//ADDRESS    SIZE    VARIABLE
//----------------------------------------------
0x000C       [1]    PIR1
0x0018       [1]    RCSTA
0x0019       [1]    TXREG
0x001A       [1]    RCREG
0x0020       [4]    _id
0x0024      [24]    ?LocalText_main
0x003C       [1]    FARG_UART1_Write_Text_uart_text
0x003D       [1]    UART1_Write_Text_counter
0x003E       [1]    UART1_Write_Text_data_
0x003F       [1]    FARG_UART1_Write_data_
0x0070       [1]    R0
0x0071       [1]    R1
0x0072       [1]    R2
0x0073       [1]    R3
0x0074       [1]    R4
0x0075       [1]    R5
0x0076       [1]    R6
0x0077       [1]    R7
0x0078       [1]    R8
0x0079       [1]    R9
0x007A       [1]    R10
0x007B       [1]    R11
0x007C       [1]    R12
0x007D       [1]    R13
0x007E       [1]    R14
0x007F       [1]    R15
0x0087       [0]    TRISC6_bit
0x0087       [0]    TRISC7_bit
0x0098       [1]    TXSTA
0x0099       [1]    SPBRG
